2017-06-19 17:14:23 - ********Database all'apertura del programma:********
2017-06-19 17:14:23 - Tabella PERSONE:
ID		NOME		COGNOME
1		Mario		Rossi
2		Maria		Rossi
3		Giuseppe		Verdi
4		Giorgio		Gialli
5		Pierferdinando		Bianchini
6		Massimiliano		Rossini
2017-06-19 17:14:23 - Fine lettura tabella PERSONE
2017-06-19 17:14:23 - Tabella TIPO_EVENTO:
ID		TIPO_EVENTO
1		Entrata in anticipo
2		Uscita anticipata
3		Pausa pranzo
2017-06-19 17:14:23 - Fine lettura tabella TIPO_EVENTI
2017-06-19 17:14:23 - Tabella EVENTI:
ID_PERSONA	ID_TIPO_EVENTO		DATA_ORA_EVENTO
1		1			2017-06-16 08:30:00
1		2			2017-06-16 12:30:00
1		3			2017-06-15 08:31:54
1		1			2017-06-15 23:45:21
1		1			2016-01-12 10:42:12
1		1			2016-02-12 04:56:21
1		2			2015-05-12 10:54:23
2017-06-19 17:14:23 - Fine lettura tabella EVENTI
2017-06-19 17:14:36 - ********Database alla chiusura del programma:********
2017-06-19 17:14:36 - Tabella PERSONE:
ID		NOME		COGNOME
1		Mario		Rossi
2		Maria		Rossi
3		Giuseppe		Verdi
4		Giorgio		Gialli
5		Pierferdinando		Bianchini
6		Massimiliano		Rossini
2017-06-19 17:14:36 - Fine lettura tabella PERSONE
2017-06-19 17:14:36 - Tabella TIPO_EVENTO:
ID		TIPO_EVENTO
1		Entrata in anticipo
2		Uscita anticipata
3		Pausa pranzo
2017-06-19 17:14:36 - Fine lettura tabella TIPO_EVENTI
2017-06-19 17:14:36 - Tabella EVENTI:
ID_PERSONA	ID_TIPO_EVENTO		DATA_ORA_EVENTO
1		1			2017-06-16 08:30:00
1		2			2017-06-16 12:30:00
1		3			2017-06-15 08:31:54
1		1			2017-06-15 23:45:21
1		1			2016-01-12 10:42:12
1		1			2016-02-12 04:56:21
1		2			2015-05-12 10:54:23
2017-06-19 17:14:36 - Fine lettura tabella EVENTI
