2017-06-15 16:14:37 - Database aperto
2017-06-15 16:14:37 - CREATE TABLE IF NOT EXISTS PERSONE (ID_PERSONA INTEGER, NOME STRING, COGNOME STRING)
2017-06-15 16:14:37 - CREATE TABLE IF NOT EXISTS TIPO_EVENTO (ID_TIPO_EVENTO INTEGER, DESCRIZIONE STRING)
2017-06-15 16:14:37 - CREATE TABLE IF NOT EXISTS EVENTI (ID_PERSONA INTEGER, ID_TIPO_EVENTO INTEGER, DATA_ORA_EVENTO DATETIME)
2017-06-15 16:14:52 - INSERT INTO PERSONE (ID_PERSONA, NOME, COGNOME) VALUES (8,'Prova','Inserimento')
2017-06-15 16:15:06 - INSERT INTO PERSONE (ID_PERSONA, NOME, COGNOME) VALUES (9,'Modificami','Perfavore')
2017-06-15 16:15:24 - UPDATE PERSONE SET NOME = 'Anna', COGNOME = 'Palindroma' WHERE ID_PERSONA = 9
2017-06-15 16:15:32 - INSERT INTO PERSONE (ID_PERSONA, NOME, COGNOME) VALUES (10,'Cancella','Mi')
2017-06-15 16:15:36 - DELETE FROM PERSONE WHERE ID_PERSONA = 10
2017-06-15 16:15:56 - INSERT INTO TIPO_EVENTO (ID_TIPO_EVENTO, DESCRIZIONE) VALUES (6,'Tipo di prova')
2017-06-15 16:16:55 - INSERT INTO TIPO_EVENTO (ID_TIPO_EVENTO, DESCRIZIONE) VALUES (7,'Tipo evento da eliminare')
2017-06-15 16:17:11 - UPDATE TIPO_EVENTO SET DESCRIZIONE = 'Pausa pranzo' WHERE ID_TIPO_EVENTO = 6
2017-06-15 16:17:21 - DELETE FROM TIPO_EVENTO WHERE ID_TIPO_EVENTO = 7
2017-06-15 16:17:46 - INSERT INTO EVENTI (ID_PERSONA, ID_TIPO_EVENTO, DATA_ORA_EVENTO) VALUES (1,1,'2017-06-15 16:17:28')
2017-06-15 16:18:04 - INSERT INTO EVENTI (ID_PERSONA, ID_TIPO_EVENTO, DATA_ORA_EVENTO) VALUES (2,1,'2017-06-15 16:17:45')
2017-06-15 16:18:40 - UPDATE EVENTI SET ID_TIPO_EVENTO = 0, DATA_ORA_EVENTO = '2017-06-15 16:18:23' WHERE ID_PERSONA = 1 AND ID_TIPO_EVENTO = 4 AND DATA_ORA_EVENTO = '2017-06-15 16:17:45'
2017-06-15 16:19:02 - DELETE FROM EVENTI WHERE ID_PERSONA = 1 AND ID_TIPO_EVENTO = 1 AND DATA_ORA_EVENTO = '2017-06-15 16:17:28'
2017-06-15 16:19:06 - SELECT * FROM PERSONE
2017-06-15 16:19:15 - SELECT * FROM TIPO_EVENTO
2017-06-15 16:19:18 - SELECT * FROM EVENTI
2017-06-15 16:19:36 - SELECT * FROM EVENTI WHERE ID_PERSONA = 1 ORDER BY DATA_ORA_EVENTO ASC
2017-06-15 16:19:41 - SELECT * FROM EVENTI WHERE ID_TIPO_EVENTO = 1 ORDER BY DATA_ORA_EVENTO ASC
2017-06-15 16:19:43 - Database chiuso
